<?xml version="1.0" encoding="UTF-8"?>
<!-- Generated by org.testng.reporters.JUnitReportReporter -->
<testsuite skipped="0" hostname="ATMECSINLT-065" name="Flight_Booking.Two_Way_Booking" tests="1" failures="0" timestamp="05 Sep 2019 11:42:30 GMT" time="37.833" errors="0">
  <testcase name="search" time="37.833" classname="Flight_Booking.Two_Way_Booking"/>
</testsuite> <!-- Flight_Booking.Two_Way_Booking -->
