<?xml version="1.0" encoding="UTF-8"?>
<!-- Generated by org.testng.reporters.JUnitReportReporter -->
<testsuite skipped="0" hostname="ATMECSINLT-065" name="Flight_Booking.One_Way_Flight" tests="1" failures="0" timestamp="05 Sep 2019 11:41:12 GMT" time="30.852" errors="0">
  <testcase name="search" time="30.852" classname="Flight_Booking.One_Way_Flight"/>
</testsuite> <!-- Flight_Booking.One_Way_Flight -->
